<?xml version="1.0" encoding="UTF-8"?>
<testsuite name="ohtuesimerkki.StatisticsTest" tests="4" skipped="0" failures="0" errors="0" timestamp="2017-03-23T08:42:47" hostname="AK" time="0.008">
  <properties/>
  <testcase name="pelaajaLoytyy" classname="ohtuesimerkki.StatisticsTest" time="0.006"/>
  <testcase name="haeScooraajat" classname="ohtuesimerkki.StatisticsTest" time="0.0"/>
  <testcase name="pelaajaaEiLoydy" classname="ohtuesimerkki.StatisticsTest" time="0.001"/>
  <testcase name="haeJoukkue" classname="ohtuesimerkki.StatisticsTest" time="0.0"/>
  <system-out><![CDATA[]]></system-out>
  <system-err><![CDATA[]]></system-err>
</testsuite>
